<?xml version="1.0" encoding="UTF-8"?>
<!-- Generated by org.testng.reporters.JUnitReportReporter -->
<testsuite skipped="0" hostname="DESKTOP-C5HHGRT" name="com.qa.guru99.tests.CheckoutTest" tests="2" failures="0" timestamp="2020-04-05T20:39:25 EDT" time="76.615" errors="0">
  <testcase name="checkoutorder" time="53.518" classname="com.qa.guru99.tests.CheckoutTest"/>
  <system-out/>
  <testcase name="OrderStatus" time="23.097" classname="com.qa.guru99.tests.CheckoutTest"/>
  <system-out/>
</testsuite> <!-- com.qa.guru99.tests.CheckoutTest -->
