<?xml version="1.0" encoding="UTF-8"?>
<!-- Generated by org.testng.reporters.JUnitReportReporter -->
<testsuite skipped="0" hostname="DESKTOP-C5HHGRT" name="com.qa.guru99.tests.MobileTest" tests="1" failures="0" timestamp="2020-03-30T18:51:22 EDT" time="18.184" errors="0">
  <testcase name="Shortname" time="18.184" classname="com.qa.guru99.tests.MobileTest"/>
  <system-out/>
</testsuite> <!-- com.qa.guru99.tests.MobileTest -->
