<?xml version="1.0" encoding="UTF-8"?>
<!-- Generated by org.testng.reporters.JUnitReportReporter -->
<testsuite skipped="0" hostname="DESKTOP-C5HHGRT" name="com.qa.guru99.tests.MobileTest" tests="6" failures="0" timestamp="2020-04-01T12:15:13 EDT" time="92.952" errors="0">
  <testcase name="mobiletitle" time="16.234" classname="com.qa.guru99.tests.MobileTest"/>
  <system-out/>
  <testcase name="Shortname" time="14.741" classname="com.qa.guru99.tests.MobileTest"/>
  <system-out/>
  <testcase name="Shortposition" time="15.417" classname="com.qa.guru99.tests.MobileTest"/>
  <system-out/>
  <testcase name="Shortprice" time="14.676" classname="com.qa.guru99.tests.MobileTest"/>
  <system-out/>
  <testcase name="sonyprice" time="15.166" classname="com.qa.guru99.tests.MobileTest"/>
  <system-out/>
  <testcase name="sonycart" time="16.718" classname="com.qa.guru99.tests.MobileTest"/>
  <system-out/>
</testsuite> <!-- com.qa.guru99.tests.MobileTest -->
