<?xml version="1.0" encoding="UTF-8"?>
<!-- Generated by org.testng.reporters.JUnitReportReporter -->
<testsuite skipped="0" hostname="DESKTOP-C5HHGRT" name="com.qa.guru99.tests.TvTest" tests="1" failures="0" timestamp="2020-04-04T12:11:20 EDT" time="28.733" errors="0">
  <testcase name="Account" time="28.733" classname="com.qa.guru99.tests.TvTest"/>
  <system-out/>
</testsuite> <!-- com.qa.guru99.tests.TvTest -->
