<?xml version="1.0" encoding="UTF-8"?>
<!-- Generated by org.testng.reporters.JUnitReportReporter -->
<testsuite skipped="0" hostname="DESKTOP-C5HHGRT" name="com.qa.guru99.tests.HomeTest" tests="2" failures="0" timestamp="2020-03-30T11:53:43 EDT" time="30.944" errors="0">
  <testcase name="hometitle" time="13.343" classname="com.qa.guru99.tests.HomeTest"/>
  <system-out/>
  <testcase name="logo" time="17.601" classname="com.qa.guru99.tests.HomeTest"/>
  <system-out/>
</testsuite> <!-- com.qa.guru99.tests.HomeTest -->
