<?xml version="1.0" encoding="UTF-8"?>
<!-- Generated by org.testng.reporters.JUnitReportReporter -->
<testsuite skipped="0" hostname="DESKTOP-C5HHGRT" name="com.qa.guru99.tests.CheckoutTest" tests="1" failures="0" timestamp="2020-04-05T12:14:50 EDT" time="52.645" errors="0">
  <testcase name="checkoutorder" time="52.645" classname="com.qa.guru99.tests.CheckoutTest"/>
  <system-out/>
</testsuite> <!-- com.qa.guru99.tests.CheckoutTest -->
