<?xml version="1.0" encoding="UTF-8"?>
<!-- Generated by org.testng.reporters.JUnitReportReporter -->
<testsuite skipped="0" hostname="DESKTOP-C5HHGRT" name="com.qa.guru99.tests.MobileTest" tests="8" failures="0" timestamp="2020-04-08T16:25:52 EDT" time="144.485" errors="0">
  <testcase name="mobiletitle" time="14.726" classname="com.qa.guru99.tests.MobileTest"/>
  <system-out/>
  <testcase name="Shortname" time="18.052" classname="com.qa.guru99.tests.MobileTest"/>
  <system-out/>
  <testcase name="Shortposition" time="16.319" classname="com.qa.guru99.tests.MobileTest"/>
  <system-out/>
  <testcase name="Shortprice" time="18.392" classname="com.qa.guru99.tests.MobileTest"/>
  <system-out/>
  <testcase name="sonyprice" time="15.906" classname="com.qa.guru99.tests.MobileTest"/>
  <system-out/>
  <testcase name="sonycart" time="19.428" classname="com.qa.guru99.tests.MobileTest"/>
  <system-out/>
  <testcase name="PopCompare" time="20.846" classname="com.qa.guru99.tests.MobileTest"/>
  <system-out/>
  <testcase name="ApplyCoupon" time="20.816" classname="com.qa.guru99.tests.MobileTest"/>
  <system-out/>
</testsuite> <!-- com.qa.guru99.tests.MobileTest -->
